<?xml version="1.0" encoding="UTF-8"?>
<testng-results ignored="0" total="3" passed="3" failed="0" skipped="0">
  <reporter-output>
  </reporter-output>
  <suite started-at="2026-06-09T00:00:06 IST" name="Suite" finished-at="2026-06-09T00:00:32 IST" duration-ms="26064">
    <groups>
    </groups>
    <test started-at="2026-06-09T00:00:06 IST" name="Test" finished-at="2026-06-09T00:00:32 IST" duration-ms="26064">
      <class name="tests.LoginTest">
        <test-method is-config="true" signature="setup()[pri:0, instance:tests.LoginTest@682b2fa]" started-at="2026-06-09T00:00:07 IST" name="setup" finished-at="2026-06-09T00:00:15 IST" duration-ms="7315" status="PASS">
          <reporter-output>
          </reporter-output>
        </test-method> <!-- setup -->
        <test-method signature="loginTest(java.lang.String,java.lang.String)[pri:0, instance:tests.LoginTest@682b2fa]" started-at="2026-06-09T00:00:15 IST" name="loginTest" data-provider="LoginData" finished-at="2026-06-09T00:00:18 IST" duration-ms="3659" status="PASS">
          <params>
            <param index="0">
              <value>
                <![CDATA[Admin]]>
              </value>
            </param>
            <param index="1">
              <value>
                <![CDATA[admin123]]>
              </value>
            </param>
          </params>
          <reporter-output>
          </reporter-output>
        </test-method> <!-- loginTest -->
        <test-method is-config="true" signature="tearDown()[pri:0, instance:tests.LoginTest@682b2fa]" started-at="2026-06-09T00:00:18 IST" name="tearDown" finished-at="2026-06-09T00:00:19 IST" duration-ms="976" status="PASS">
          <reporter-output>
          </reporter-output>
        </test-method> <!-- tearDown -->
        <test-method is-config="true" signature="setup()[pri:0, instance:tests.LoginTest@682b2fa]" started-at="2026-06-09T00:00:19 IST" name="setup" finished-at="2026-06-09T00:00:24 IST" duration-ms="4800" status="PASS">
          <reporter-output>
          </reporter-output>
        </test-method> <!-- setup -->
        <test-method signature="loginTest(java.lang.String,java.lang.String)[pri:0, instance:tests.LoginTest@682b2fa]" started-at="2026-06-09T00:00:24 IST" name="loginTest" data-provider="LoginData" finished-at="2026-06-09T00:00:25 IST" duration-ms="1119" status="PASS">
          <params>
            <param index="0">
              <value>
                <![CDATA[Admin]]>
              </value>
            </param>
            <param index="1">
              <value>
                <![CDATA[wrong123]]>
              </value>
            </param>
          </params>
          <reporter-output>
          </reporter-output>
        </test-method> <!-- loginTest -->
        <test-method is-config="true" signature="tearDown()[pri:0, instance:tests.LoginTest@682b2fa]" started-at="2026-06-09T00:00:25 IST" name="tearDown" finished-at="2026-06-09T00:00:26 IST" duration-ms="728" status="PASS">
          <reporter-output>
          </reporter-output>
        </test-method> <!-- tearDown -->
        <test-method is-config="true" signature="setup()[pri:0, instance:tests.LoginTest@682b2fa]" started-at="2026-06-09T00:00:26 IST" name="setup" finished-at="2026-06-09T00:00:31 IST" duration-ms="4775" status="PASS">
          <reporter-output>
          </reporter-output>
        </test-method> <!-- setup -->
        <test-method signature="loginTest(java.lang.String,java.lang.String)[pri:0, instance:tests.LoginTest@682b2fa]" started-at="2026-06-09T00:00:31 IST" name="loginTest" data-provider="LoginData" finished-at="2026-06-09T00:00:32 IST" duration-ms="803" status="PASS">
          <params>
            <param index="0">
              <value>
                <![CDATA[Test]]>
              </value>
            </param>
            <param index="1">
              <value>
                <![CDATA[admin123]]>
              </value>
            </param>
          </params>
          <reporter-output>
          </reporter-output>
        </test-method> <!-- loginTest -->
        <test-method is-config="true" signature="tearDown()[pri:0, instance:tests.LoginTest@682b2fa]" started-at="2026-06-09T00:00:32 IST" name="tearDown" finished-at="2026-06-09T00:00:32 IST" duration-ms="511" status="PASS">
          <reporter-output>
          </reporter-output>
        </test-method> <!-- tearDown -->
      </class> <!-- tests.LoginTest -->
    </test> <!-- Test -->
  </suite> <!-- Suite -->
</testng-results>
