<?xml version="1.0" encoding="UTF-8"?>
<!-- Generated by org.testng.reporters.JUnitReportReporter -->
<testsuite hostname="WPRJAVANG" failures="0" tests="3" name="tests.LoginTest" time="24.686" errors="0" timestamp="2026-06-09T00:00:32 IST" skipped="0">
  <testcase classname="tests.LoginTest" name="loginTest" time="8.970"/>
  <testcase classname="tests.LoginTest" name="loginTest" time="6.622"/>
  <testcase classname="tests.LoginTest" name="loginTest" time="9.094"/>
</testsuite> <!-- tests.LoginTest -->
